<?xml version="1.0" encoding="UTF-8"?>
<!-- Generated by org.testng.reporters.JUnitReportReporter -->
<testsuite hostname="LTAU00498" failures="0" tests="1" name="com.TestRunner.AmazonTest" time="18.885" errors="0" timestamp="07 Aug 2019 08:18:08 GMT" skipped="0">
  <testcase classname="com.TestRunner.AmazonTest" name="amazon" time="18.885"/>
</testsuite> <!-- com.TestRunner.AmazonTest -->
