<?xml version="1.0" encoding="UTF-8"?>
<!-- Generated by org.testng.reporters.JUnitReportReporter -->
<testsuite hostname="LTAU00498" failures="0" tests="1" name="com.TestRunner.FacebookTest" time="7.414" errors="0" timestamp="07 Aug 2019 05:49:09 GMT" skipped="0">
  <testcase classname="com.TestRunner.FacebookTest" name="facebook" time="7.414"/>
</testsuite> <!-- com.TestRunner.FacebookTest -->
